<?xml version="1.0" encoding="UTF-8"?>
<testng-results ignored="0" total="1" passed="1" failed="0" skipped="0">
  <reporter-output>
  </reporter-output>
  <suite started-at="2021-09-23T19:13:15 IST" name="Default suite" finished-at="2021-09-23T19:15:39 IST" duration-ms="143911">
    <groups>
    </groups>
    <test started-at="2021-09-23T19:13:15 IST" name="Default test" finished-at="2021-09-23T19:15:39 IST" duration-ms="143911">
      <class name="TC_InVue.TC_Login_001">
        <test-method is-config="true" signature="setup()[pri:0, instance:TC_InVue.TC_Login_001@35ef1869]" started-at="2021-09-23T19:13:15 IST" name="setup" finished-at="2021-09-23T19:15:32 IST" duration-ms="137599" status="PASS">
          <reporter-output>
          </reporter-output>
        </test-method> <!-- setup -->
        <test-method signature="loginTest()[pri:0, instance:TC_InVue.TC_Login_001@35ef1869]" started-at="2021-09-23T19:15:32 IST" name="loginTest" finished-at="2021-09-23T19:15:35 IST" duration-ms="2878" status="PASS">
          <reporter-output>
          </reporter-output>
        </test-method> <!-- loginTest -->
        <test-method is-config="true" signature="teardown()[pri:0, instance:TC_InVue.TC_Login_001@35ef1869]" started-at="2021-09-23T19:15:35 IST" name="teardown" finished-at="2021-09-23T19:15:39 IST" duration-ms="3294" status="PASS">
          <reporter-output>
          </reporter-output>
        </test-method> <!-- teardown -->
      </class> <!-- TC_InVue.TC_Login_001 -->
    </test> <!-- Default test -->
  </suite> <!-- Default suite -->
</testng-results>
